2021-02-08 00:15:35.1293|INFO|Microsoft.EntityFrameworkCore.Infrastructure|Entity Framework Core 2.1.14-servicing-32113 initialized 'AuthorInfoContext' using provider 'Microsoft.EntityFrameworkCore.SqlServer' with options: None
2021-02-08 00:16:37.8813|INFO|AuthorInfo.API.Program|Initializing application...
2021-02-08 00:16:41.4601|INFO|Microsoft.EntityFrameworkCore.Infrastructure|Entity Framework Core 2.1.14-servicing-32113 initialized 'AuthorInfoContext' using provider 'Microsoft.EntityFrameworkCore.SqlServer' with options: None
2021-02-08 00:16:48.0503|INFO|Microsoft.EntityFrameworkCore.Database.Command|Executed DbCommand (91ms) [Parameters=[], CommandType='Text', CommandTimeout='60']
IF SERVERPROPERTY('EngineEdition') <> 5
BEGIN
    ALTER DATABASE [AuthorInfoDB] SET SINGLE_USER WITH ROLLBACK IMMEDIATE;
END;
2021-02-08 00:16:48.0963|INFO|Microsoft.EntityFrameworkCore.Database.Command|Executed DbCommand (32ms) [Parameters=[], CommandType='Text', CommandTimeout='60']
DROP DATABASE [AuthorInfoDB];
2021-02-08 00:16:58.8587|INFO|Microsoft.EntityFrameworkCore.Database.Command|Executed DbCommand (701ms) [Parameters=[], CommandType='Text', CommandTimeout='60']
CREATE DATABASE [AuthorInfoDB];
2021-02-08 00:16:59.0528|INFO|Microsoft.EntityFrameworkCore.Database.Command|Executed DbCommand (182ms) [Parameters=[], CommandType='Text', CommandTimeout='60']
IF SERVERPROPERTY('EngineEdition') <> 5
BEGIN
    ALTER DATABASE [AuthorInfoDB] SET READ_COMMITTED_SNAPSHOT ON;
END;
2021-02-08 00:16:59.5895|INFO|Microsoft.EntityFrameworkCore.Database.Command|Executed DbCommand (364ms) [Parameters=[], CommandType='Text', CommandTimeout='30']
CREATE TABLE [__EFMigrationsHistory] (
    [MigrationId] nvarchar(150) NOT NULL,
    [ProductVersion] nvarchar(32) NOT NULL,
    CONSTRAINT [PK___EFMigrationsHistory] PRIMARY KEY ([MigrationId])
);
2021-02-08 00:16:59.6126|INFO|Microsoft.EntityFrameworkCore.Database.Command|Executed DbCommand (13ms) [Parameters=[], CommandType='Text', CommandTimeout='30']
SELECT OBJECT_ID(N'[__EFMigrationsHistory]');
2021-02-08 00:16:59.6367|INFO|Microsoft.EntityFrameworkCore.Database.Command|Executed DbCommand (10ms) [Parameters=[], CommandType='Text', CommandTimeout='30']
SELECT [MigrationId], [ProductVersion]
FROM [__EFMigrationsHistory]
ORDER BY [MigrationId];
2021-02-08 00:16:59.6638|INFO|Microsoft.EntityFrameworkCore.Migrations|Applying migration '20210207162315_AuthorInfoDBInitialMigration'.
2021-02-08 00:16:59.7490|INFO|Microsoft.EntityFrameworkCore.Database.Command|Executed DbCommand (45ms) [Parameters=[], CommandType='Text', CommandTimeout='30']
CREATE TABLE [Authors] (
    [Id] int NOT NULL IDENTITY,
    [Name] nvarchar(50) NOT NULL,
    [ShortBio] nvarchar(300) NULL,
    CONSTRAINT [PK_Authors] PRIMARY KEY ([Id])
);
2021-02-08 00:16:59.7896|INFO|Microsoft.EntityFrameworkCore.Database.Command|Executed DbCommand (27ms) [Parameters=[], CommandType='Text', CommandTimeout='30']
CREATE TABLE [Books] (
    [Id] int NOT NULL IDENTITY,
    [Title] nvarchar(50) NOT NULL,
    [Synopsis] nvarchar(300) NULL,
    [AuthorId] int NOT NULL,
    CONSTRAINT [PK_Books] PRIMARY KEY ([Id]),
    CONSTRAINT [FK_Books_Authors_AuthorId] FOREIGN KEY ([AuthorId]) REFERENCES [Authors] ([Id]) ON DELETE CASCADE
);
2021-02-08 00:16:59.8216|INFO|Microsoft.EntityFrameworkCore.Database.Command|Executed DbCommand (11ms) [Parameters=[], CommandType='Text', CommandTimeout='30']
CREATE INDEX [IX_Books_AuthorId] ON [Books] ([AuthorId]);
2021-02-08 00:16:59.8852|INFO|Microsoft.EntityFrameworkCore.Database.Command|Executed DbCommand (48ms) [Parameters=[], CommandType='Text', CommandTimeout='30']
INSERT INTO [__EFMigrationsHistory] ([MigrationId], [ProductVersion])
VALUES (N'20210207162315_AuthorInfoDBInitialMigration', N'2.1.14-servicing-32113');
2021-02-08 00:16:59.8852|INFO|Microsoft.EntityFrameworkCore.Migrations|Applying migration '20210207221535_DummyData'.
2021-02-08 00:17:00.6166|INFO|Microsoft.EntityFrameworkCore.Database.Command|Executed DbCommand (692ms) [Parameters=[], CommandType='Text', CommandTimeout='30']
IF EXISTS (SELECT * FROM [sys].[identity_columns] WHERE [name] IN (N'Id', N'Name', N'ShortBio') AND [object_id] = OBJECT_ID(N'[Authors]'))
    SET IDENTITY_INSERT [Authors] ON;
INSERT INTO [Authors] ([Id], [Name], [ShortBio])
VALUES (1, N'Ian Rankin', N'Ian James Rankin (born 28 April 1960) is a Scottish crime writer, best known for his Inspector Rebus novels.');
IF EXISTS (SELECT * FROM [sys].[identity_columns] WHERE [name] IN (N'Id', N'Name', N'ShortBio') AND [object_id] = OBJECT_ID(N'[Authors]'))
    SET IDENTITY_INSERT [Authors] OFF;
2021-02-08 00:17:00.6731|INFO|Microsoft.EntityFrameworkCore.Database.Command|Executed DbCommand (47ms) [Parameters=[], CommandType='Text', CommandTimeout='30']
IF EXISTS (SELECT * FROM [sys].[identity_columns] WHERE [name] IN (N'Id', N'Name', N'ShortBio') AND [object_id] = OBJECT_ID(N'[Authors]'))
    SET IDENTITY_INSERT [Authors] ON;
INSERT INTO [Authors] ([Id], [Name], [ShortBio])
VALUES (2, N'Philip Kerr', N'Philip Ballantyne Kerr (22 February 1956 – 23 March 2018) was a British author, best known for his Bernie Gunther series of historical detective thrillers.');
IF EXISTS (SELECT * FROM [sys].[identity_columns] WHERE [name] IN (N'Id', N'Name', N'ShortBio') AND [object_id] = OBJECT_ID(N'[Authors]'))
    SET IDENTITY_INSERT [Authors] OFF;
2021-02-08 00:17:00.7252|INFO|Microsoft.EntityFrameworkCore.Database.Command|Executed DbCommand (48ms) [Parameters=[], CommandType='Text', CommandTimeout='30']
IF EXISTS (SELECT * FROM [sys].[identity_columns] WHERE [name] IN (N'Id', N'Name', N'ShortBio') AND [object_id] = OBJECT_ID(N'[Authors]'))
    SET IDENTITY_INSERT [Authors] ON;
INSERT INTO [Authors] ([Id], [Name], [ShortBio])
VALUES (3, N'Adrian McKinty', N'Adrian McKinty is a Northern Irish writer of crime and mystery novels and young adult fiction, best known for his Sean Duffy novels set in Northern Ireland during The Troubles.');
IF EXISTS (SELECT * FROM [sys].[identity_columns] WHERE [name] IN (N'Id', N'Name', N'ShortBio') AND [object_id] = OBJECT_ID(N'[Authors]'))
    SET IDENTITY_INSERT [Authors] OFF;
2021-02-08 00:17:00.7599|INFO|Microsoft.EntityFrameworkCore.Database.Command|Executed DbCommand (31ms) [Parameters=[], CommandType='Text', CommandTimeout='30']
IF EXISTS (SELECT * FROM [sys].[identity_columns] WHERE [name] IN (N'Id', N'AuthorId', N'Synopsis', N'Title') AND [object_id] = OBJECT_ID(N'[Books]'))
    SET IDENTITY_INSERT [Books] ON;
INSERT INTO [Books] ([Id], [AuthorId], [Synopsis], [Title])
VALUES (1, 1, N'Knots and Crosses is a 1987 crime novel by Ian Rankin. It is the first of the Inspector Rebus novels. It was written while Rankin was a postgraduate student at the University of Edinburgh.', N'Knots and Crosses'),
(2, 1, N'Hide and Seek is a 1991 crime novel by Ian Rankin. It is the second of the Inspector Rebus novels.', N'Hide and Seek'),
(3, 2, N'March Violets is a historical detective novel and the first written by Philip Kerr featuring detective Bernhard "Bernie" Gunther. March Violets is the first of the trilogy by Kerr called Berlin Noir.', N'March Violets'),
(4, 2, N'The Pale Criminal is a historical detective novel and the second in the Berlin Noir trilogy of Bernhard Gunther novels written by Philip Kerr.', N'The Pale Criminal'),
(5, 3, N'Dead I Well May be is a 2003 novel by Irish/Australian author Adrian McKinty. It is his second novel, following Orange Rhymes With Everything, and was nominated for the CWA Ian Fleming Steel Dagger award for the best thriller of the year.', N'Dead I Well May Be'),
(6, 3, N'In the Morning I''ll be Gone is a 2014 novel by Belfast born novelist Adrian McKinty which won the 2014 Ned Kelly Award for Best Novel. It is the third in the author''s Sean Duffy series, following The Cold Cold Ground and I Hear the Sirens in the Street.', N'In the Morning I''ll Be Gone');
IF EXISTS (SELECT * FROM [sys].[identity_columns] WHERE [name] IN (N'Id', N'AuthorId', N'Synopsis', N'Title') AND [object_id] = OBJECT_ID(N'[Books]'))
    SET IDENTITY_INSERT [Books] OFF;
2021-02-08 00:17:00.7686|INFO|Microsoft.EntityFrameworkCore.Database.Command|Executed DbCommand (4ms) [Parameters=[], CommandType='Text', CommandTimeout='30']
INSERT INTO [__EFMigrationsHistory] ([MigrationId], [ProductVersion])
VALUES (N'20210207221535_DummyData', N'2.1.14-servicing-32113');
2021-02-08 00:17:01.1094|INFO|Microsoft.AspNetCore.DataProtection.KeyManagement.XmlKeyManager|User profile is available. Using 'C:\Users\User\AppData\Local\ASP.NET\DataProtection-Keys' as key repository and Windows DPAPI to encrypt keys at rest.
2021-02-08 00:17:02.6413|INFO|Microsoft.AspNetCore.Hosting.Internal.WebHost|Request starting HTTP/1.1 GET http://localhost:2590/  
2021-02-08 00:17:02.6413|INFO|Microsoft.AspNetCore.Hosting.Internal.WebHost|Request starting HTTP/1.1 DEBUG http://localhost:2590/  0
2021-02-08 00:17:02.7413|INFO|Microsoft.AspNetCore.Hosting.Internal.WebHost|Request finished in 110.4464ms 200 
2021-02-08 00:17:03.1586|INFO|Microsoft.AspNetCore.Hosting.Internal.WebHost|Request finished in 482.5209ms 404 text/plain
2021-02-08 23:07:03.7441|INFO|AuthorInfo.API.Program|Initializing application...
2021-02-08 23:07:07.2144|INFO|Microsoft.EntityFrameworkCore.Infrastructure|Entity Framework Core 2.1.14-servicing-32113 initialized 'AuthorInfoContext' using provider 'Microsoft.EntityFrameworkCore.SqlServer' with options: None
2021-02-08 23:07:09.2023|INFO|Microsoft.EntityFrameworkCore.Database.Command|Executed DbCommand (115ms) [Parameters=[], CommandType='Text', CommandTimeout='60']
IF SERVERPROPERTY('EngineEdition') <> 5
BEGIN
    ALTER DATABASE [AuthorInfoDB] SET SINGLE_USER WITH ROLLBACK IMMEDIATE;
END;
2021-02-08 23:07:09.3111|INFO|Microsoft.EntityFrameworkCore.Database.Command|Executed DbCommand (89ms) [Parameters=[], CommandType='Text', CommandTimeout='60']
DROP DATABASE [AuthorInfoDB];
2021-02-08 23:07:19.6707|INFO|Microsoft.EntityFrameworkCore.Database.Command|Executed DbCommand (296ms) [Parameters=[], CommandType='Text', CommandTimeout='60']
CREATE DATABASE [AuthorInfoDB];
2021-02-08 23:07:19.7549|INFO|Microsoft.EntityFrameworkCore.Database.Command|Executed DbCommand (80ms) [Parameters=[], CommandType='Text', CommandTimeout='60']
IF SERVERPROPERTY('EngineEdition') <> 5
BEGIN
    ALTER DATABASE [AuthorInfoDB] SET READ_COMMITTED_SNAPSHOT ON;
END;
2021-02-08 23:07:19.8359|INFO|Microsoft.EntityFrameworkCore.Database.Command|Executed DbCommand (10ms) [Parameters=[], CommandType='Text', CommandTimeout='30']
CREATE TABLE [__EFMigrationsHistory] (
    [MigrationId] nvarchar(150) NOT NULL,
    [ProductVersion] nvarchar(32) NOT NULL,
    CONSTRAINT [PK___EFMigrationsHistory] PRIMARY KEY ([MigrationId])
);
2021-02-08 23:07:19.8474|INFO|Microsoft.EntityFrameworkCore.Database.Command|Executed DbCommand (6ms) [Parameters=[], CommandType='Text', CommandTimeout='30']
SELECT OBJECT_ID(N'[__EFMigrationsHistory]');
2021-02-08 23:07:19.8474|INFO|Microsoft.EntityFrameworkCore.Database.Command|Executed DbCommand (2ms) [Parameters=[], CommandType='Text', CommandTimeout='30']
SELECT [MigrationId], [ProductVersion]
FROM [__EFMigrationsHistory]
ORDER BY [MigrationId];
2021-02-08 23:07:19.8657|INFO|Microsoft.EntityFrameworkCore.Migrations|Applying migration '20210207162315_AuthorInfoDBInitialMigration'.
2021-02-08 23:07:19.9163|INFO|Microsoft.EntityFrameworkCore.Database.Command|Executed DbCommand (2ms) [Parameters=[], CommandType='Text', CommandTimeout='30']
CREATE TABLE [Authors] (
    [Id] int NOT NULL IDENTITY,
    [Name] nvarchar(50) NOT NULL,
    [ShortBio] nvarchar(300) NULL,
    CONSTRAINT [PK_Authors] PRIMARY KEY ([Id])
);
2021-02-08 23:07:19.9163|INFO|Microsoft.EntityFrameworkCore.Database.Command|Executed DbCommand (3ms) [Parameters=[], CommandType='Text', CommandTimeout='30']
CREATE TABLE [Books] (
    [Id] int NOT NULL IDENTITY,
    [Title] nvarchar(50) NOT NULL,
    [Synopsis] nvarchar(300) NULL,
    [AuthorId] int NOT NULL,
    CONSTRAINT [PK_Books] PRIMARY KEY ([Id]),
    CONSTRAINT [FK_Books_Authors_AuthorId] FOREIGN KEY ([AuthorId]) REFERENCES [Authors] ([Id]) ON DELETE CASCADE
);
2021-02-08 23:07:19.9272|INFO|Microsoft.EntityFrameworkCore.Database.Command|Executed DbCommand (1ms) [Parameters=[], CommandType='Text', CommandTimeout='30']
CREATE INDEX [IX_Books_AuthorId] ON [Books] ([AuthorId]);
2021-02-08 23:07:19.9272|INFO|Microsoft.EntityFrameworkCore.Database.Command|Executed DbCommand (3ms) [Parameters=[], CommandType='Text', CommandTimeout='30']
INSERT INTO [__EFMigrationsHistory] ([MigrationId], [ProductVersion])
VALUES (N'20210207162315_AuthorInfoDBInitialMigration', N'2.1.14-servicing-32113');
2021-02-08 23:07:19.9272|INFO|Microsoft.EntityFrameworkCore.Migrations|Applying migration '20210207221535_DummyData'.
2021-02-08 23:07:19.9931|INFO|Microsoft.EntityFrameworkCore.Database.Command|Executed DbCommand (40ms) [Parameters=[], CommandType='Text', CommandTimeout='30']
IF EXISTS (SELECT * FROM [sys].[identity_columns] WHERE [name] IN (N'Id', N'Name', N'ShortBio') AND [object_id] = OBJECT_ID(N'[Authors]'))
    SET IDENTITY_INSERT [Authors] ON;
INSERT INTO [Authors] ([Id], [Name], [ShortBio])
VALUES (1, N'Ian Rankin', N'Ian James Rankin (born 28 April 1960) is a Scottish crime writer, best known for his Inspector Rebus novels.');
IF EXISTS (SELECT * FROM [sys].[identity_columns] WHERE [name] IN (N'Id', N'Name', N'ShortBio') AND [object_id] = OBJECT_ID(N'[Authors]'))
    SET IDENTITY_INSERT [Authors] OFF;
2021-02-08 23:07:20.0075|INFO|Microsoft.EntityFrameworkCore.Database.Command|Executed DbCommand (9ms) [Parameters=[], CommandType='Text', CommandTimeout='30']
IF EXISTS (SELECT * FROM [sys].[identity_columns] WHERE [name] IN (N'Id', N'Name', N'ShortBio') AND [object_id] = OBJECT_ID(N'[Authors]'))
    SET IDENTITY_INSERT [Authors] ON;
INSERT INTO [Authors] ([Id], [Name], [ShortBio])
VALUES (2, N'Philip Kerr', N'Philip Ballantyne Kerr (22 February 1956 – 23 March 2018) was a British author, best known for his Bernie Gunther series of historical detective thrillers.');
IF EXISTS (SELECT * FROM [sys].[identity_columns] WHERE [name] IN (N'Id', N'Name', N'ShortBio') AND [object_id] = OBJECT_ID(N'[Authors]'))
    SET IDENTITY_INSERT [Authors] OFF;
2021-02-08 23:07:20.0207|INFO|Microsoft.EntityFrameworkCore.Database.Command|Executed DbCommand (9ms) [Parameters=[], CommandType='Text', CommandTimeout='30']
IF EXISTS (SELECT * FROM [sys].[identity_columns] WHERE [name] IN (N'Id', N'Name', N'ShortBio') AND [object_id] = OBJECT_ID(N'[Authors]'))
    SET IDENTITY_INSERT [Authors] ON;
INSERT INTO [Authors] ([Id], [Name], [ShortBio])
VALUES (3, N'Adrian McKinty', N'Adrian McKinty is a Northern Irish writer of crime and mystery novels and young adult fiction, best known for his Sean Duffy novels set in Northern Ireland during The Troubles.');
IF EXISTS (SELECT * FROM [sys].[identity_columns] WHERE [name] IN (N'Id', N'Name', N'ShortBio') AND [object_id] = OBJECT_ID(N'[Authors]'))
    SET IDENTITY_INSERT [Authors] OFF;
2021-02-08 23:07:20.0386|INFO|Microsoft.EntityFrameworkCore.Database.Command|Executed DbCommand (13ms) [Parameters=[], CommandType='Text', CommandTimeout='30']
IF EXISTS (SELECT * FROM [sys].[identity_columns] WHERE [name] IN (N'Id', N'AuthorId', N'Synopsis', N'Title') AND [object_id] = OBJECT_ID(N'[Books]'))
    SET IDENTITY_INSERT [Books] ON;
INSERT INTO [Books] ([Id], [AuthorId], [Synopsis], [Title])
VALUES (1, 1, N'Knots and Crosses is a 1987 crime novel by Ian Rankin. It is the first of the Inspector Rebus novels. It was written while Rankin was a postgraduate student at the University of Edinburgh.', N'Knots and Crosses'),
(2, 1, N'Hide and Seek is a 1991 crime novel by Ian Rankin. It is the second of the Inspector Rebus novels.', N'Hide and Seek'),
(3, 2, N'March Violets is a historical detective novel and the first written by Philip Kerr featuring detective Bernhard "Bernie" Gunther. March Violets is the first of the trilogy by Kerr called Berlin Noir.', N'March Violets'),
(4, 2, N'The Pale Criminal is a historical detective novel and the second in the Berlin Noir trilogy of Bernhard Gunther novels written by Philip Kerr.', N'The Pale Criminal'),
(5, 3, N'Dead I Well May be is a 2003 novel by Irish/Australian author Adrian McKinty. It is his second novel, following Orange Rhymes With Everything, and was nominated for the CWA Ian Fleming Steel Dagger award for the best thriller of the year.', N'Dead I Well May Be'),
(6, 3, N'In the Morning I''ll be Gone is a 2014 novel by Belfast born novelist Adrian McKinty which won the 2014 Ned Kelly Award for Best Novel. It is the third in the author''s Sean Duffy series, following The Cold Cold Ground and I Hear the Sirens in the Street.', N'In the Morning I''ll Be Gone');
IF EXISTS (SELECT * FROM [sys].[identity_columns] WHERE [name] IN (N'Id', N'AuthorId', N'Synopsis', N'Title') AND [object_id] = OBJECT_ID(N'[Books]'))
    SET IDENTITY_INSERT [Books] OFF;
2021-02-08 23:07:20.0386|INFO|Microsoft.EntityFrameworkCore.Database.Command|Executed DbCommand (1ms) [Parameters=[], CommandType='Text', CommandTimeout='30']
INSERT INTO [__EFMigrationsHistory] ([MigrationId], [ProductVersion])
VALUES (N'20210207221535_DummyData', N'2.1.14-servicing-32113');
2021-02-08 23:07:20.1681|INFO|Microsoft.AspNetCore.DataProtection.KeyManagement.XmlKeyManager|User profile is available. Using 'C:\Users\User\AppData\Local\ASP.NET\DataProtection-Keys' as key repository and Windows DPAPI to encrypt keys at rest.
2021-02-08 23:07:20.7067|INFO|Microsoft.AspNetCore.Hosting.Internal.WebHost|Request starting HTTP/1.1 DEBUG http://localhost:2590/  0
2021-02-08 23:07:20.7067|INFO|Microsoft.AspNetCore.Hosting.Internal.WebHost|Request starting HTTP/1.1 GET http://localhost:2590/  
2021-02-08 23:07:20.8077|INFO|Microsoft.AspNetCore.Hosting.Internal.WebHost|Request finished in 101.9944ms 200 
2021-02-08 23:07:20.9923|INFO|Microsoft.AspNetCore.Hosting.Internal.WebHost|Request finished in 288.7529ms 404 text/plain
2021-02-08 23:07:21.1197|INFO|Microsoft.AspNetCore.Hosting.Internal.WebHost|Request starting HTTP/1.1 GET http://localhost:2590/favicon.ico  
2021-02-08 23:07:21.1317|INFO|Microsoft.AspNetCore.Hosting.Internal.WebHost|Request finished in 7.4302ms 404 text/plain
2021-02-08 23:07:52.7231|INFO|Microsoft.AspNetCore.Hosting.Internal.WebHost|Request starting HTTP/1.1 GET http://localhost:2590/api/authors  
2021-02-08 23:07:52.7852|INFO|Microsoft.AspNetCore.Mvc.Internal.ControllerActionInvoker|Route matched with {action = "GetAuthors", controller = "Authors"}. Executing controller action with signature Microsoft.AspNetCore.Mvc.IActionResult GetAuthors() on controller AuthorInfo.API.Controllers.AuthorsController (AuthorInfo.API).
2021-02-08 23:07:52.8196|INFO|Microsoft.AspNetCore.Mvc.Internal.ControllerActionInvoker|Executing action method AuthorInfo.API.Controllers.AuthorsController.GetAuthors (AuthorInfo.API) - Validation state: Valid
2021-02-08 23:07:52.8340|INFO|Microsoft.EntityFrameworkCore.Infrastructure|Entity Framework Core 2.1.14-servicing-32113 initialized 'AuthorInfoContext' using provider 'Microsoft.EntityFrameworkCore.SqlServer' with options: None
2021-02-08 23:07:52.9980|INFO|Microsoft.EntityFrameworkCore.Database.Command|Executed DbCommand (1ms) [Parameters=[], CommandType='Text', CommandTimeout='30']
SELECT [a].[Id], [a].[Name], [a].[ShortBio]
FROM [Authors] AS [a]
ORDER BY [a].[Name]
2021-02-08 23:07:53.0394|INFO|Microsoft.AspNetCore.Mvc.Internal.ControllerActionInvoker|Executed action method AuthorInfo.API.Controllers.AuthorsController.GetAuthors (AuthorInfo.API), returned result Microsoft.AspNetCore.Mvc.OkObjectResult in 209.3394ms.
2021-02-08 23:07:53.0607|INFO|Microsoft.AspNetCore.Mvc.Infrastructure.ObjectResultExecutor|Executing ObjectResult, writing value of type 'System.Collections.Generic.List`1[[AuthorInfo.API.Models.AuthorWithoutBooksDto, AuthorInfo.API, Version=1.0.0.0, Culture=neutral, PublicKeyToken=null]]'.
2021-02-08 23:07:53.1988|INFO|Microsoft.AspNetCore.Mvc.Internal.ControllerActionInvoker|Executed action AuthorInfo.API.Controllers.AuthorsController.GetAuthors (AuthorInfo.API) in 398.1227ms
2021-02-08 23:07:53.2090|INFO|Microsoft.AspNetCore.Hosting.Internal.WebHost|Request finished in 485.3653ms 200 application/json; charset=utf-8
2021-02-08 23:16:48.0319|INFO|AuthorInfo.API.Program|Initializing application...
2021-02-08 23:16:50.3415|INFO|Microsoft.EntityFrameworkCore.Infrastructure|Entity Framework Core 2.1.14-servicing-32113 initialized 'AuthorInfoContext' using provider 'Microsoft.EntityFrameworkCore.SqlServer' with options: None
2021-02-08 23:16:51.7439|INFO|Microsoft.EntityFrameworkCore.Database.Command|Executed DbCommand (88ms) [Parameters=[], CommandType='Text', CommandTimeout='60']
IF SERVERPROPERTY('EngineEdition') <> 5
BEGIN
    ALTER DATABASE [AuthorInfoDB] SET SINGLE_USER WITH ROLLBACK IMMEDIATE;
END;
2021-02-08 23:16:51.7775|INFO|Microsoft.EntityFrameworkCore.Database.Command|Executed DbCommand (29ms) [Parameters=[], CommandType='Text', CommandTimeout='60']
DROP DATABASE [AuthorInfoDB];
2021-02-08 23:17:02.2040|INFO|Microsoft.EntityFrameworkCore.Database.Command|Executed DbCommand (396ms) [Parameters=[], CommandType='Text', CommandTimeout='60']
CREATE DATABASE [AuthorInfoDB];
2021-02-08 23:17:02.2952|INFO|Microsoft.EntityFrameworkCore.Database.Command|Executed DbCommand (87ms) [Parameters=[], CommandType='Text', CommandTimeout='60']
IF SERVERPROPERTY('EngineEdition') <> 5
BEGIN
    ALTER DATABASE [AuthorInfoDB] SET READ_COMMITTED_SNAPSHOT ON;
END;
2021-02-08 23:17:02.3675|INFO|Microsoft.EntityFrameworkCore.Database.Command|Executed DbCommand (10ms) [Parameters=[], CommandType='Text', CommandTimeout='30']
CREATE TABLE [__EFMigrationsHistory] (
    [MigrationId] nvarchar(150) NOT NULL,
    [ProductVersion] nvarchar(32) NOT NULL,
    CONSTRAINT [PK___EFMigrationsHistory] PRIMARY KEY ([MigrationId])
);
2021-02-08 23:17:02.3675|INFO|Microsoft.EntityFrameworkCore.Database.Command|Executed DbCommand (4ms) [Parameters=[], CommandType='Text', CommandTimeout='30']
SELECT OBJECT_ID(N'[__EFMigrationsHistory]');
2021-02-08 23:17:02.3815|INFO|Microsoft.EntityFrameworkCore.Database.Command|Executed DbCommand (3ms) [Parameters=[], CommandType='Text', CommandTimeout='30']
SELECT [MigrationId], [ProductVersion]
FROM [__EFMigrationsHistory]
ORDER BY [MigrationId];
2021-02-08 23:17:02.3815|INFO|Microsoft.EntityFrameworkCore.Migrations|Applying migration '20210207162315_AuthorInfoDBInitialMigration'.
2021-02-08 23:17:02.4220|INFO|Microsoft.EntityFrameworkCore.Database.Command|Executed DbCommand (2ms) [Parameters=[], CommandType='Text', CommandTimeout='30']
CREATE TABLE [Authors] (
    [Id] int NOT NULL IDENTITY,
    [Name] nvarchar(50) NOT NULL,
    [ShortBio] nvarchar(300) NULL,
    CONSTRAINT [PK_Authors] PRIMARY KEY ([Id])
);
2021-02-08 23:17:02.4310|INFO|Microsoft.EntityFrameworkCore.Database.Command|Executed DbCommand (3ms) [Parameters=[], CommandType='Text', CommandTimeout='30']
CREATE TABLE [Books] (
    [Id] int NOT NULL IDENTITY,
    [Title] nvarchar(50) NOT NULL,
    [Synopsis] nvarchar(300) NULL,
    [AuthorId] int NOT NULL,
    CONSTRAINT [PK_Books] PRIMARY KEY ([Id]),
    CONSTRAINT [FK_Books_Authors_AuthorId] FOREIGN KEY ([AuthorId]) REFERENCES [Authors] ([Id]) ON DELETE CASCADE
);
2021-02-08 23:17:02.4310|INFO|Microsoft.EntityFrameworkCore.Database.Command|Executed DbCommand (2ms) [Parameters=[], CommandType='Text', CommandTimeout='30']
CREATE INDEX [IX_Books_AuthorId] ON [Books] ([AuthorId]);
2021-02-08 23:17:02.4420|INFO|Microsoft.EntityFrameworkCore.Database.Command|Executed DbCommand (3ms) [Parameters=[], CommandType='Text', CommandTimeout='30']
INSERT INTO [__EFMigrationsHistory] ([MigrationId], [ProductVersion])
VALUES (N'20210207162315_AuthorInfoDBInitialMigration', N'2.1.14-servicing-32113');
2021-02-08 23:17:02.4420|INFO|Microsoft.EntityFrameworkCore.Migrations|Applying migration '20210207221535_DummyData'.
2021-02-08 23:17:02.4983|INFO|Microsoft.EntityFrameworkCore.Database.Command|Executed DbCommand (36ms) [Parameters=[], CommandType='Text', CommandTimeout='30']
IF EXISTS (SELECT * FROM [sys].[identity_columns] WHERE [name] IN (N'Id', N'Name', N'ShortBio') AND [object_id] = OBJECT_ID(N'[Authors]'))
    SET IDENTITY_INSERT [Authors] ON;
INSERT INTO [Authors] ([Id], [Name], [ShortBio])
VALUES (1, N'Ian Rankin', N'Ian James Rankin (born 28 April 1960) is a Scottish crime writer, best known for his Inspector Rebus novels.');
IF EXISTS (SELECT * FROM [sys].[identity_columns] WHERE [name] IN (N'Id', N'Name', N'ShortBio') AND [object_id] = OBJECT_ID(N'[Authors]'))
    SET IDENTITY_INSERT [Authors] OFF;
2021-02-08 23:17:02.5105|INFO|Microsoft.EntityFrameworkCore.Database.Command|Executed DbCommand (9ms) [Parameters=[], CommandType='Text', CommandTimeout='30']
IF EXISTS (SELECT * FROM [sys].[identity_columns] WHERE [name] IN (N'Id', N'Name', N'ShortBio') AND [object_id] = OBJECT_ID(N'[Authors]'))
    SET IDENTITY_INSERT [Authors] ON;
INSERT INTO [Authors] ([Id], [Name], [ShortBio])
VALUES (2, N'Philip Kerr', N'Philip Ballantyne Kerr (22 February 1956 – 23 March 2018) was a British author, best known for his Bernie Gunther series of historical detective thrillers.');
IF EXISTS (SELECT * FROM [sys].[identity_columns] WHERE [name] IN (N'Id', N'Name', N'ShortBio') AND [object_id] = OBJECT_ID(N'[Authors]'))
    SET IDENTITY_INSERT [Authors] OFF;
2021-02-08 23:17:02.5232|INFO|Microsoft.EntityFrameworkCore.Database.Command|Executed DbCommand (10ms) [Parameters=[], CommandType='Text', CommandTimeout='30']
IF EXISTS (SELECT * FROM [sys].[identity_columns] WHERE [name] IN (N'Id', N'Name', N'ShortBio') AND [object_id] = OBJECT_ID(N'[Authors]'))
    SET IDENTITY_INSERT [Authors] ON;
INSERT INTO [Authors] ([Id], [Name], [ShortBio])
VALUES (3, N'Adrian McKinty', N'Adrian McKinty is a Northern Irish writer of crime and mystery novels and young adult fiction, best known for his Sean Duffy novels set in Northern Ireland during The Troubles.');
IF EXISTS (SELECT * FROM [sys].[identity_columns] WHERE [name] IN (N'Id', N'Name', N'ShortBio') AND [object_id] = OBJECT_ID(N'[Authors]'))
    SET IDENTITY_INSERT [Authors] OFF;
2021-02-08 23:17:02.5399|INFO|Microsoft.EntityFrameworkCore.Database.Command|Executed DbCommand (14ms) [Parameters=[], CommandType='Text', CommandTimeout='30']
IF EXISTS (SELECT * FROM [sys].[identity_columns] WHERE [name] IN (N'Id', N'AuthorId', N'Synopsis', N'Title') AND [object_id] = OBJECT_ID(N'[Books]'))
    SET IDENTITY_INSERT [Books] ON;
INSERT INTO [Books] ([Id], [AuthorId], [Synopsis], [Title])
VALUES (1, 1, N'Knots and Crosses is a 1987 crime novel by Ian Rankin. It is the first of the Inspector Rebus novels. It was written while Rankin was a postgraduate student at the University of Edinburgh.', N'Knots and Crosses'),
(2, 1, N'Hide and Seek is a 1991 crime novel by Ian Rankin. It is the second of the Inspector Rebus novels.', N'Hide and Seek'),
(3, 2, N'March Violets is a historical detective novel and the first written by Philip Kerr featuring detective Bernhard "Bernie" Gunther. March Violets is the first of the trilogy by Kerr called Berlin Noir.', N'March Violets'),
(4, 2, N'The Pale Criminal is a historical detective novel and the second in the Berlin Noir trilogy of Bernhard Gunther novels written by Philip Kerr.', N'The Pale Criminal'),
(5, 3, N'Dead I Well May be is a 2003 novel by Irish/Australian author Adrian McKinty. It is his second novel, following Orange Rhymes With Everything, and was nominated for the CWA Ian Fleming Steel Dagger award for the best thriller of the year.', N'Dead I Well May Be'),
(6, 3, N'In the Morning I''ll be Gone is a 2014 novel by Belfast born novelist Adrian McKinty which won the 2014 Ned Kelly Award for Best Novel. It is the third in the author''s Sean Duffy series, following The Cold Cold Ground and I Hear the Sirens in the Street.', N'In the Morning I''ll Be Gone');
IF EXISTS (SELECT * FROM [sys].[identity_columns] WHERE [name] IN (N'Id', N'AuthorId', N'Synopsis', N'Title') AND [object_id] = OBJECT_ID(N'[Books]'))
    SET IDENTITY_INSERT [Books] OFF;
2021-02-08 23:17:02.5399|INFO|Microsoft.EntityFrameworkCore.Database.Command|Executed DbCommand (0ms) [Parameters=[], CommandType='Text', CommandTimeout='30']
INSERT INTO [__EFMigrationsHistory] ([MigrationId], [ProductVersion])
VALUES (N'20210207221535_DummyData', N'2.1.14-servicing-32113');
2021-02-08 23:17:02.6395|INFO|Microsoft.AspNetCore.DataProtection.KeyManagement.XmlKeyManager|User profile is available. Using 'C:\Users\User\AppData\Local\ASP.NET\DataProtection-Keys' as key repository and Windows DPAPI to encrypt keys at rest.
2021-02-08 23:17:03.3445|INFO|Microsoft.AspNetCore.Hosting.Internal.WebHost|Request starting HTTP/1.1 GET http://localhost:2590/  
2021-02-08 23:17:03.3506|INFO|Microsoft.AspNetCore.Hosting.Internal.WebHost|Request starting HTTP/1.1 GET http://localhost:2590/api/authors  
2021-02-08 23:17:03.3506|INFO|Microsoft.AspNetCore.Hosting.Internal.WebHost|Request starting HTTP/1.1 DEBUG http://localhost:2590/  0
2021-02-08 23:17:03.4059|INFO|Microsoft.AspNetCore.Hosting.Internal.WebHost|Request finished in 63.7835ms 200 
2021-02-08 23:17:03.5909|INFO|Microsoft.AspNetCore.Hosting.Internal.WebHost|Request finished in 251.8488ms 404 text/plain
2021-02-08 23:17:03.6573|INFO|Microsoft.AspNetCore.Mvc.Internal.ControllerActionInvoker|Route matched with {action = "GetAuthors", controller = "Authors"}. Executing controller action with signature Microsoft.AspNetCore.Mvc.IActionResult GetAuthors() on controller AuthorInfo.API.Controllers.AuthorsController (AuthorInfo.API).
2021-02-08 23:17:03.6885|INFO|Microsoft.AspNetCore.Mvc.Internal.ControllerActionInvoker|Executing action method AuthorInfo.API.Controllers.AuthorsController.GetAuthors (AuthorInfo.API) - Validation state: Valid
2021-02-08 23:17:03.7009|INFO|Microsoft.EntityFrameworkCore.Infrastructure|Entity Framework Core 2.1.14-servicing-32113 initialized 'AuthorInfoContext' using provider 'Microsoft.EntityFrameworkCore.SqlServer' with options: None
2021-02-08 23:17:03.8898|INFO|Microsoft.EntityFrameworkCore.Database.Command|Executed DbCommand (1ms) [Parameters=[], CommandType='Text', CommandTimeout='30']
SELECT [a].[Id], [a].[Name], [a].[ShortBio]
FROM [Authors] AS [a]
ORDER BY [a].[Name]
2021-02-08 23:17:03.9230|INFO|Microsoft.AspNetCore.Mvc.Internal.ControllerActionInvoker|Executed action method AuthorInfo.API.Controllers.AuthorsController.GetAuthors (AuthorInfo.API), returned result Microsoft.AspNetCore.Mvc.OkObjectResult in 227.9606ms.
2021-02-08 23:17:03.9370|INFO|Microsoft.AspNetCore.Mvc.Infrastructure.ObjectResultExecutor|Executing ObjectResult, writing value of type 'System.Collections.Generic.List`1[[AuthorInfo.API.Models.AuthorWithoutBooksDto, AuthorInfo.API, Version=1.0.0.0, Culture=neutral, PublicKeyToken=null]]'.
2021-02-08 23:17:04.0086|INFO|Microsoft.AspNetCore.Mvc.Internal.ControllerActionInvoker|Executed action AuthorInfo.API.Controllers.AuthorsController.GetAuthors (AuthorInfo.API) in 343.587ms
2021-02-08 23:17:04.0213|INFO|Microsoft.AspNetCore.Hosting.Internal.WebHost|Request finished in 678.4845ms 200 application/json; charset=utf-8
2021-02-08 23:17:05.9003|INFO|Microsoft.AspNetCore.Hosting.Internal.WebHost|Request starting HTTP/1.1 GET http://localhost:2590/api/authors  
2021-02-08 23:17:05.9003|INFO|Microsoft.AspNetCore.Mvc.Internal.ControllerActionInvoker|Route matched with {action = "GetAuthors", controller = "Authors"}. Executing controller action with signature Microsoft.AspNetCore.Mvc.IActionResult GetAuthors() on controller AuthorInfo.API.Controllers.AuthorsController (AuthorInfo.API).
2021-02-08 23:17:05.9003|INFO|Microsoft.AspNetCore.Mvc.Internal.ControllerActionInvoker|Executing action method AuthorInfo.API.Controllers.AuthorsController.GetAuthors (AuthorInfo.API) - Validation state: Valid
2021-02-08 23:17:05.9128|INFO|Microsoft.EntityFrameworkCore.Infrastructure|Entity Framework Core 2.1.14-servicing-32113 initialized 'AuthorInfoContext' using provider 'Microsoft.EntityFrameworkCore.SqlServer' with options: None
2021-02-08 23:17:05.9128|INFO|Microsoft.EntityFrameworkCore.Database.Command|Executed DbCommand (0ms) [Parameters=[], CommandType='Text', CommandTimeout='30']
SELECT [a].[Id], [a].[Name], [a].[ShortBio]
FROM [Authors] AS [a]
ORDER BY [a].[Name]
2021-02-08 23:17:05.9128|INFO|Microsoft.AspNetCore.Mvc.Internal.ControllerActionInvoker|Executed action method AuthorInfo.API.Controllers.AuthorsController.GetAuthors (AuthorInfo.API), returned result Microsoft.AspNetCore.Mvc.OkObjectResult in 10.9512ms.
2021-02-08 23:17:05.9262|INFO|Microsoft.AspNetCore.Mvc.Infrastructure.ObjectResultExecutor|Executing ObjectResult, writing value of type 'System.Collections.Generic.List`1[[AuthorInfo.API.Models.AuthorWithoutBooksDto, AuthorInfo.API, Version=1.0.0.0, Culture=neutral, PublicKeyToken=null]]'.
2021-02-08 23:17:05.9262|INFO|Microsoft.AspNetCore.Mvc.Internal.ControllerActionInvoker|Executed action AuthorInfo.API.Controllers.AuthorsController.GetAuthors (AuthorInfo.API) in 23.2031ms
2021-02-08 23:17:05.9262|INFO|Microsoft.AspNetCore.Hosting.Internal.WebHost|Request finished in 36.5579ms 200 application/json; charset=utf-8
2021-02-08 23:40:40.5905|INFO|AuthorInfo.API.Program|Initializing application...
2021-02-08 23:40:42.7548|INFO|Microsoft.EntityFrameworkCore.Infrastructure|Entity Framework Core 2.1.14-servicing-32113 initialized 'AuthorInfoContext' using provider 'Microsoft.EntityFrameworkCore.SqlServer' with options: None
2021-02-08 23:40:44.1354|INFO|Microsoft.EntityFrameworkCore.Database.Command|Executed DbCommand (67ms) [Parameters=[], CommandType='Text', CommandTimeout='60']
IF SERVERPROPERTY('EngineEdition') <> 5
BEGIN
    ALTER DATABASE [AuthorInfoDB] SET SINGLE_USER WITH ROLLBACK IMMEDIATE;
END;
2021-02-08 23:40:44.1788|INFO|Microsoft.EntityFrameworkCore.Database.Command|Executed DbCommand (33ms) [Parameters=[], CommandType='Text', CommandTimeout='60']
DROP DATABASE [AuthorInfoDB];
2021-02-08 23:40:54.6203|INFO|Microsoft.EntityFrameworkCore.Database.Command|Executed DbCommand (368ms) [Parameters=[], CommandType='Text', CommandTimeout='60']
CREATE DATABASE [AuthorInfoDB];
2021-02-08 23:40:54.7157|INFO|Microsoft.EntityFrameworkCore.Database.Command|Executed DbCommand (90ms) [Parameters=[], CommandType='Text', CommandTimeout='60']
IF SERVERPROPERTY('EngineEdition') <> 5
BEGIN
    ALTER DATABASE [AuthorInfoDB] SET READ_COMMITTED_SNAPSHOT ON;
END;
2021-02-08 23:40:54.7884|INFO|Microsoft.EntityFrameworkCore.Database.Command|Executed DbCommand (11ms) [Parameters=[], CommandType='Text', CommandTimeout='30']
CREATE TABLE [__EFMigrationsHistory] (
    [MigrationId] nvarchar(150) NOT NULL,
    [ProductVersion] nvarchar(32) NOT NULL,
    CONSTRAINT [PK___EFMigrationsHistory] PRIMARY KEY ([MigrationId])
);
2021-02-08 23:40:54.7884|INFO|Microsoft.EntityFrameworkCore.Database.Command|Executed DbCommand (3ms) [Parameters=[], CommandType='Text', CommandTimeout='30']
SELECT OBJECT_ID(N'[__EFMigrationsHistory]');
2021-02-08 23:40:54.8027|INFO|Microsoft.EntityFrameworkCore.Database.Command|Executed DbCommand (2ms) [Parameters=[], CommandType='Text', CommandTimeout='30']
SELECT [MigrationId], [ProductVersion]
FROM [__EFMigrationsHistory]
ORDER BY [MigrationId];
2021-02-08 23:40:54.8027|INFO|Microsoft.EntityFrameworkCore.Migrations|Applying migration '20210207162315_AuthorInfoDBInitialMigration'.
2021-02-08 23:40:54.8415|INFO|Microsoft.EntityFrameworkCore.Database.Command|Executed DbCommand (2ms) [Parameters=[], CommandType='Text', CommandTimeout='30']
CREATE TABLE [Authors] (
    [Id] int NOT NULL IDENTITY,
    [Name] nvarchar(50) NOT NULL,
    [ShortBio] nvarchar(300) NULL,
    CONSTRAINT [PK_Authors] PRIMARY KEY ([Id])
);
2021-02-08 23:40:54.8505|INFO|Microsoft.EntityFrameworkCore.Database.Command|Executed DbCommand (3ms) [Parameters=[], CommandType='Text', CommandTimeout='30']
CREATE TABLE [Books] (
    [Id] int NOT NULL IDENTITY,
    [Title] nvarchar(50) NOT NULL,
    [Synopsis] nvarchar(300) NULL,
    [AuthorId] int NOT NULL,
    CONSTRAINT [PK_Books] PRIMARY KEY ([Id]),
    CONSTRAINT [FK_Books_Authors_AuthorId] FOREIGN KEY ([AuthorId]) REFERENCES [Authors] ([Id]) ON DELETE CASCADE
);
2021-02-08 23:40:54.8505|INFO|Microsoft.EntityFrameworkCore.Database.Command|Executed DbCommand (1ms) [Parameters=[], CommandType='Text', CommandTimeout='30']
CREATE INDEX [IX_Books_AuthorId] ON [Books] ([AuthorId]);
2021-02-08 23:40:54.8505|INFO|Microsoft.EntityFrameworkCore.Database.Command|Executed DbCommand (2ms) [Parameters=[], CommandType='Text', CommandTimeout='30']
INSERT INTO [__EFMigrationsHistory] ([MigrationId], [ProductVersion])
VALUES (N'20210207162315_AuthorInfoDBInitialMigration', N'2.1.14-servicing-32113');
2021-02-08 23:40:54.8671|INFO|Microsoft.EntityFrameworkCore.Migrations|Applying migration '20210207221535_DummyData'.
2021-02-08 23:40:54.9385|INFO|Microsoft.EntityFrameworkCore.Database.Command|Executed DbCommand (52ms) [Parameters=[], CommandType='Text', CommandTimeout='30']
IF EXISTS (SELECT * FROM [sys].[identity_columns] WHERE [name] IN (N'Id', N'Name', N'ShortBio') AND [object_id] = OBJECT_ID(N'[Authors]'))
    SET IDENTITY_INSERT [Authors] ON;
INSERT INTO [Authors] ([Id], [Name], [ShortBio])
VALUES (1, N'Ian Rankin', N'Ian James Rankin (born 28 April 1960) is a Scottish crime writer, best known for his Inspector Rebus novels.');
IF EXISTS (SELECT * FROM [sys].[identity_columns] WHERE [name] IN (N'Id', N'Name', N'ShortBio') AND [object_id] = OBJECT_ID(N'[Authors]'))
    SET IDENTITY_INSERT [Authors] OFF;
2021-02-08 23:40:54.9557|INFO|Microsoft.EntityFrameworkCore.Database.Command|Executed DbCommand (14ms) [Parameters=[], CommandType='Text', CommandTimeout='30']
IF EXISTS (SELECT * FROM [sys].[identity_columns] WHERE [name] IN (N'Id', N'Name', N'ShortBio') AND [object_id] = OBJECT_ID(N'[Authors]'))
    SET IDENTITY_INSERT [Authors] ON;
INSERT INTO [Authors] ([Id], [Name], [ShortBio])
VALUES (2, N'Philip Kerr', N'Philip Ballantyne Kerr (22 February 1956 – 23 March 2018) was a British author, best known for his Bernie Gunther series of historical detective thrillers.');
IF EXISTS (SELECT * FROM [sys].[identity_columns] WHERE [name] IN (N'Id', N'Name', N'ShortBio') AND [object_id] = OBJECT_ID(N'[Authors]'))
    SET IDENTITY_INSERT [Authors] OFF;
2021-02-08 23:40:54.9711|INFO|Microsoft.EntityFrameworkCore.Database.Command|Executed DbCommand (12ms) [Parameters=[], CommandType='Text', CommandTimeout='30']
IF EXISTS (SELECT * FROM [sys].[identity_columns] WHERE [name] IN (N'Id', N'Name', N'ShortBio') AND [object_id] = OBJECT_ID(N'[Authors]'))
    SET IDENTITY_INSERT [Authors] ON;
INSERT INTO [Authors] ([Id], [Name], [ShortBio])
VALUES (3, N'Adrian McKinty', N'Adrian McKinty is a Northern Irish writer of crime and mystery novels and young adult fiction, best known for his Sean Duffy novels set in Northern Ireland during The Troubles.');
IF EXISTS (SELECT * FROM [sys].[identity_columns] WHERE [name] IN (N'Id', N'Name', N'ShortBio') AND [object_id] = OBJECT_ID(N'[Authors]'))
    SET IDENTITY_INSERT [Authors] OFF;
2021-02-08 23:40:54.9940|INFO|Microsoft.EntityFrameworkCore.Database.Command|Executed DbCommand (20ms) [Parameters=[], CommandType='Text', CommandTimeout='30']
IF EXISTS (SELECT * FROM [sys].[identity_columns] WHERE [name] IN (N'Id', N'AuthorId', N'Synopsis', N'Title') AND [object_id] = OBJECT_ID(N'[Books]'))
    SET IDENTITY_INSERT [Books] ON;
INSERT INTO [Books] ([Id], [AuthorId], [Synopsis], [Title])
VALUES (1, 1, N'Knots and Crosses is a 1987 crime novel by Ian Rankin. It is the first of the Inspector Rebus novels. It was written while Rankin was a postgraduate student at the University of Edinburgh.', N'Knots and Crosses'),
(2, 1, N'Hide and Seek is a 1991 crime novel by Ian Rankin. It is the second of the Inspector Rebus novels.', N'Hide and Seek'),
(3, 2, N'March Violets is a historical detective novel and the first written by Philip Kerr featuring detective Bernhard "Bernie" Gunther. March Violets is the first of the trilogy by Kerr called Berlin Noir.', N'March Violets'),
(4, 2, N'The Pale Criminal is a historical detective novel and the second in the Berlin Noir trilogy of Bernhard Gunther novels written by Philip Kerr.', N'The Pale Criminal'),
(5, 3, N'Dead I Well May be is a 2003 novel by Irish/Australian author Adrian McKinty. It is his second novel, following Orange Rhymes With Everything, and was nominated for the CWA Ian Fleming Steel Dagger award for the best thriller of the year.', N'Dead I Well May Be'),
(6, 3, N'In the Morning I''ll be Gone is a 2014 novel by Belfast born novelist Adrian McKinty which won the 2014 Ned Kelly Award for Best Novel. It is the third in the author''s Sean Duffy series, following The Cold Cold Ground and I Hear the Sirens in the Street.', N'In the Morning I''ll Be Gone');
IF EXISTS (SELECT * FROM [sys].[identity_columns] WHERE [name] IN (N'Id', N'AuthorId', N'Synopsis', N'Title') AND [object_id] = OBJECT_ID(N'[Books]'))
    SET IDENTITY_INSERT [Books] OFF;
2021-02-08 23:40:54.9940|INFO|Microsoft.EntityFrameworkCore.Database.Command|Executed DbCommand (1ms) [Parameters=[], CommandType='Text', CommandTimeout='30']
INSERT INTO [__EFMigrationsHistory] ([MigrationId], [ProductVersion])
VALUES (N'20210207221535_DummyData', N'2.1.14-servicing-32113');
2021-02-08 23:40:55.0855|INFO|Microsoft.AspNetCore.DataProtection.KeyManagement.XmlKeyManager|User profile is available. Using 'C:\Users\User\AppData\Local\ASP.NET\DataProtection-Keys' as key repository and Windows DPAPI to encrypt keys at rest.
2021-02-08 23:40:55.5625|INFO|Microsoft.AspNetCore.Hosting.Internal.WebHost|Request starting HTTP/1.1 DEBUG http://localhost:2590/  0
2021-02-08 23:40:55.5625|INFO|Microsoft.AspNetCore.Hosting.Internal.WebHost|Request starting HTTP/1.1 GET http://localhost:2590/  
2021-02-08 23:40:55.6326|INFO|Microsoft.AspNetCore.Hosting.Internal.WebHost|Request finished in 68.4288ms 200 
2021-02-08 23:40:55.8493|INFO|Microsoft.AspNetCore.Hosting.Internal.WebHost|Request finished in 290.2517ms 404 text/plain
2021-02-08 23:41:21.6256|INFO|Microsoft.AspNetCore.Hosting.Internal.WebHost|Request starting HTTP/1.1 GET http://localhost:2590/api/authors/1  
2021-02-08 23:41:21.6884|INFO|Microsoft.AspNetCore.Mvc.Internal.ControllerActionInvoker|Route matched with {action = "GetAuthor", controller = "Authors"}. Executing controller action with signature Microsoft.AspNetCore.Mvc.IActionResult GetAuthor(Int32, Boolean) on controller AuthorInfo.API.Controllers.AuthorsController (AuthorInfo.API).
2021-02-08 23:41:21.7438|INFO|Microsoft.AspNetCore.Mvc.Internal.ControllerActionInvoker|Executing action method AuthorInfo.API.Controllers.AuthorsController.GetAuthor (AuthorInfo.API) - Validation state: Valid
2021-02-08 23:41:21.7596|INFO|Microsoft.EntityFrameworkCore.Infrastructure|Entity Framework Core 2.1.14-servicing-32113 initialized 'AuthorInfoContext' using provider 'Microsoft.EntityFrameworkCore.SqlServer' with options: None
2021-02-08 23:41:21.9203|INFO|Microsoft.EntityFrameworkCore.Database.Command|Executed DbCommand (6ms) [Parameters=[@__authorId_0='?' (DbType = Int32)], CommandType='Text', CommandTimeout='30']
SELECT TOP(1) [a].[Id], [a].[Name], [a].[ShortBio]
FROM [Authors] AS [a]
WHERE [a].[Id] = @__authorId_0
2021-02-08 23:41:21.9545|INFO|Microsoft.AspNetCore.Mvc.Internal.ControllerActionInvoker|Executed action method AuthorInfo.API.Controllers.AuthorsController.GetAuthor (AuthorInfo.API), returned result Microsoft.AspNetCore.Mvc.OkObjectResult in 204.3997ms.
2021-02-08 23:41:21.9683|INFO|Microsoft.AspNetCore.Mvc.Infrastructure.ObjectResultExecutor|Executing ObjectResult, writing value of type 'AuthorInfo.API.Models.AuthorWithoutBooksDto'.
2021-02-08 23:41:22.0351|INFO|Microsoft.AspNetCore.Mvc.Internal.ControllerActionInvoker|Executed action AuthorInfo.API.Controllers.AuthorsController.GetAuthor (AuthorInfo.API) in 331.7356ms
2021-02-08 23:41:22.0351|INFO|Microsoft.AspNetCore.Hosting.Internal.WebHost|Request finished in 420.3385ms 200 application/json; charset=utf-8
2021-02-08 23:43:14.8925|INFO|Microsoft.AspNetCore.Hosting.Internal.WebHost|Request starting HTTP/1.1 GET http://localhost:2590/api/authors/1  
2021-02-08 23:43:14.9010|INFO|Microsoft.AspNetCore.Mvc.Internal.ControllerActionInvoker|Route matched with {action = "GetAuthor", controller = "Authors"}. Executing controller action with signature Microsoft.AspNetCore.Mvc.IActionResult GetAuthor(Int32, Boolean) on controller AuthorInfo.API.Controllers.AuthorsController (AuthorInfo.API).
2021-02-08 23:43:14.9010|INFO|Microsoft.AspNetCore.Mvc.Internal.ControllerActionInvoker|Executing action method AuthorInfo.API.Controllers.AuthorsController.GetAuthor (AuthorInfo.API) - Validation state: Valid
2021-02-08 23:43:14.9118|INFO|Microsoft.EntityFrameworkCore.Infrastructure|Entity Framework Core 2.1.14-servicing-32113 initialized 'AuthorInfoContext' using provider 'Microsoft.EntityFrameworkCore.SqlServer' with options: None
2021-02-08 23:43:14.9558|INFO|Microsoft.EntityFrameworkCore.Database.Command|Executed DbCommand (1ms) [Parameters=[@__authorId_0='?' (DbType = Int32)], CommandType='Text', CommandTimeout='30']
SELECT TOP(1) [a].[Id], [a].[Name], [a].[ShortBio]
FROM [Authors] AS [a]
WHERE [a].[Id] = @__authorId_0
2021-02-08 23:43:14.9689|INFO|Microsoft.AspNetCore.Mvc.Internal.ControllerActionInvoker|Executed action method AuthorInfo.API.Controllers.AuthorsController.GetAuthor (AuthorInfo.API), returned result Microsoft.AspNetCore.Mvc.OkObjectResult in 54.7719ms.
2021-02-08 23:43:14.9731|INFO|Microsoft.AspNetCore.Mvc.Infrastructure.ObjectResultExecutor|Executing ObjectResult, writing value of type 'AuthorInfo.API.Models.AuthorWithoutBooksDto'.
2021-02-08 23:43:14.9731|INFO|Microsoft.AspNetCore.Mvc.Internal.ControllerActionInvoker|Executed action AuthorInfo.API.Controllers.AuthorsController.GetAuthor (AuthorInfo.API) in 72.9082ms
2021-02-08 23:43:14.9731|INFO|Microsoft.AspNetCore.Hosting.Internal.WebHost|Request finished in 88.4602ms 200 application/json; charset=utf-8
2021-02-08 23:43:55.4585|INFO|Microsoft.AspNetCore.Hosting.Internal.WebHost|Request starting HTTP/1.1 GET http://localhost:2590/api/authors/1?includebooks=true  
2021-02-08 23:43:55.4585|INFO|Microsoft.AspNetCore.Mvc.Internal.ControllerActionInvoker|Route matched with {action = "GetAuthor", controller = "Authors"}. Executing controller action with signature Microsoft.AspNetCore.Mvc.IActionResult GetAuthor(Int32, Boolean) on controller AuthorInfo.API.Controllers.AuthorsController (AuthorInfo.API).
2021-02-08 23:43:55.4726|INFO|Microsoft.AspNetCore.Mvc.Internal.ControllerActionInvoker|Executing action method AuthorInfo.API.Controllers.AuthorsController.GetAuthor (AuthorInfo.API) - Validation state: Valid
2021-02-08 23:43:55.4726|INFO|Microsoft.EntityFrameworkCore.Infrastructure|Entity Framework Core 2.1.14-servicing-32113 initialized 'AuthorInfoContext' using provider 'Microsoft.EntityFrameworkCore.SqlServer' with options: None
2021-02-08 23:43:55.5686|INFO|Microsoft.EntityFrameworkCore.Database.Command|Executed DbCommand (1ms) [Parameters=[@__authorId_0='?' (DbType = Int32)], CommandType='Text', CommandTimeout='30']
SELECT TOP(1) [a].[Id], [a].[Name], [a].[ShortBio]
FROM [Authors] AS [a]
WHERE [a].[Id] = @__authorId_0
ORDER BY [a].[Id]
2021-02-08 23:43:55.5887|INFO|Microsoft.EntityFrameworkCore.Database.Command|Executed DbCommand (3ms) [Parameters=[@__authorId_0='?' (DbType = Int32)], CommandType='Text', CommandTimeout='30']
SELECT [a.Books].[Id], [a.Books].[AuthorId], [a.Books].[Synopsis], [a.Books].[Title]
FROM [Books] AS [a.Books]
INNER JOIN (
    SELECT TOP(1) [a0].[Id]
    FROM [Authors] AS [a0]
    WHERE [a0].[Id] = @__authorId_0
    ORDER BY [a0].[Id]
) AS [t] ON [a.Books].[AuthorId] = [t].[Id]
ORDER BY [t].[Id]
2021-02-08 23:43:55.6054|INFO|Microsoft.AspNetCore.Mvc.Internal.ControllerActionInvoker|Executed action method AuthorInfo.API.Controllers.AuthorsController.GetAuthor (AuthorInfo.API), returned result Microsoft.AspNetCore.Mvc.OkObjectResult in 129.3349ms.
2021-02-08 23:43:55.6054|INFO|Microsoft.AspNetCore.Mvc.Infrastructure.ObjectResultExecutor|Executing ObjectResult, writing value of type 'AuthorInfo.API.Models.AuthorDto'.
2021-02-08 23:43:55.6199|INFO|Microsoft.AspNetCore.Mvc.Internal.ControllerActionInvoker|Executed action AuthorInfo.API.Controllers.AuthorsController.GetAuthor (AuthorInfo.API) in 150.0823ms
2021-02-08 23:43:55.6199|INFO|Microsoft.AspNetCore.Hosting.Internal.WebHost|Request finished in 165.1281ms 200 application/json; charset=utf-8
2021-02-08 23:44:48.4397|INFO|Microsoft.AspNetCore.Hosting.Internal.WebHost|Request starting HTTP/1.1 GET http://localhost:2590/api/authors/10?includebooks=true  
2021-02-08 23:44:48.4510|INFO|Microsoft.AspNetCore.Mvc.Internal.ControllerActionInvoker|Route matched with {action = "GetAuthor", controller = "Authors"}. Executing controller action with signature Microsoft.AspNetCore.Mvc.IActionResult GetAuthor(Int32, Boolean) on controller AuthorInfo.API.Controllers.AuthorsController (AuthorInfo.API).
2021-02-08 23:44:48.4606|INFO|Microsoft.AspNetCore.Mvc.Internal.ControllerActionInvoker|Executing action method AuthorInfo.API.Controllers.AuthorsController.GetAuthor (AuthorInfo.API) - Validation state: Valid
2021-02-08 23:44:48.4606|INFO|Microsoft.EntityFrameworkCore.Infrastructure|Entity Framework Core 2.1.14-servicing-32113 initialized 'AuthorInfoContext' using provider 'Microsoft.EntityFrameworkCore.SqlServer' with options: None
2021-02-08 23:44:48.4747|INFO|Microsoft.EntityFrameworkCore.Database.Command|Executed DbCommand (4ms) [Parameters=[@__authorId_0='?' (DbType = Int32)], CommandType='Text', CommandTimeout='30']
SELECT TOP(1) [a].[Id], [a].[Name], [a].[ShortBio]
FROM [Authors] AS [a]
WHERE [a].[Id] = @__authorId_0
ORDER BY [a].[Id]
2021-02-08 23:44:48.4747|INFO|Microsoft.AspNetCore.Mvc.Internal.ControllerActionInvoker|Executed action method AuthorInfo.API.Controllers.AuthorsController.GetAuthor (AuthorInfo.API), returned result Microsoft.AspNetCore.Mvc.NotFoundResult in 21.7659ms.
2021-02-08 23:44:48.4933|INFO|Microsoft.AspNetCore.Mvc.StatusCodeResult|Executing HttpStatusCodeResult, setting HTTP status code 404
2021-02-08 23:44:48.4933|INFO|Microsoft.AspNetCore.Mvc.Internal.ControllerActionInvoker|Executed action AuthorInfo.API.Controllers.AuthorsController.GetAuthor (AuthorInfo.API) in 39.8634ms
2021-02-08 23:44:48.4933|INFO|Microsoft.AspNetCore.Hosting.Internal.WebHost|Request finished in 61.0724ms 404 text/plain
2021-02-08 23:45:06.6118|INFO|Microsoft.AspNetCore.Hosting.Internal.WebHost|Request starting HTTP/1.1 GET http://localhost:2590/api/authors/10  
2021-02-08 23:45:06.6228|INFO|Microsoft.AspNetCore.Mvc.Internal.ControllerActionInvoker|Route matched with {action = "GetAuthor", controller = "Authors"}. Executing controller action with signature Microsoft.AspNetCore.Mvc.IActionResult GetAuthor(Int32, Boolean) on controller AuthorInfo.API.Controllers.AuthorsController (AuthorInfo.API).
2021-02-08 23:45:06.6228|INFO|Microsoft.AspNetCore.Mvc.Internal.ControllerActionInvoker|Executing action method AuthorInfo.API.Controllers.AuthorsController.GetAuthor (AuthorInfo.API) - Validation state: Valid
2021-02-08 23:45:06.6358|INFO|Microsoft.EntityFrameworkCore.Infrastructure|Entity Framework Core 2.1.14-servicing-32113 initialized 'AuthorInfoContext' using provider 'Microsoft.EntityFrameworkCore.SqlServer' with options: None
2021-02-08 23:45:06.6358|INFO|Microsoft.EntityFrameworkCore.Database.Command|Executed DbCommand (0ms) [Parameters=[@__authorId_0='?' (DbType = Int32)], CommandType='Text', CommandTimeout='30']
SELECT TOP(1) [a].[Id], [a].[Name], [a].[ShortBio]
FROM [Authors] AS [a]
WHERE [a].[Id] = @__authorId_0
2021-02-08 23:45:06.6358|INFO|Microsoft.AspNetCore.Mvc.Internal.ControllerActionInvoker|Executed action method AuthorInfo.API.Controllers.AuthorsController.GetAuthor (AuthorInfo.API), returned result Microsoft.AspNetCore.Mvc.NotFoundResult in 8.0043ms.
2021-02-08 23:45:06.6470|INFO|Microsoft.AspNetCore.Mvc.StatusCodeResult|Executing HttpStatusCodeResult, setting HTTP status code 404
2021-02-08 23:45:06.6470|INFO|Microsoft.AspNetCore.Mvc.Internal.ControllerActionInvoker|Executed action AuthorInfo.API.Controllers.AuthorsController.GetAuthor (AuthorInfo.API) in 24.4522ms
2021-02-08 23:45:06.6470|INFO|Microsoft.AspNetCore.Hosting.Internal.WebHost|Request finished in 42.3344ms 404 text/plain
2021-02-08 23:45:10.5903|INFO|Microsoft.AspNetCore.Hosting.Internal.WebHost|Request starting HTTP/1.1 GET http://localhost:2590/api/authors  
2021-02-08 23:45:10.5903|INFO|Microsoft.AspNetCore.Mvc.Internal.ControllerActionInvoker|Route matched with {action = "GetAuthors", controller = "Authors"}. Executing controller action with signature Microsoft.AspNetCore.Mvc.IActionResult GetAuthors() on controller AuthorInfo.API.Controllers.AuthorsController (AuthorInfo.API).
2021-02-08 23:45:10.5984|INFO|Microsoft.AspNetCore.Mvc.Internal.ControllerActionInvoker|Executing action method AuthorInfo.API.Controllers.AuthorsController.GetAuthors (AuthorInfo.API) - Validation state: Valid
2021-02-08 23:45:10.5984|INFO|Microsoft.EntityFrameworkCore.Infrastructure|Entity Framework Core 2.1.14-servicing-32113 initialized 'AuthorInfoContext' using provider 'Microsoft.EntityFrameworkCore.SqlServer' with options: None
2021-02-08 23:45:10.6133|INFO|Microsoft.EntityFrameworkCore.Database.Command|Executed DbCommand (1ms) [Parameters=[], CommandType='Text', CommandTimeout='30']
SELECT [a].[Id], [a].[Name], [a].[ShortBio]
FROM [Authors] AS [a]
ORDER BY [a].[Name]
2021-02-08 23:45:10.6133|INFO|Microsoft.AspNetCore.Mvc.Internal.ControllerActionInvoker|Executed action method AuthorInfo.API.Controllers.AuthorsController.GetAuthors (AuthorInfo.API), returned result Microsoft.AspNetCore.Mvc.OkObjectResult in 15.7818ms.
2021-02-08 23:45:10.6133|INFO|Microsoft.AspNetCore.Mvc.Infrastructure.ObjectResultExecutor|Executing ObjectResult, writing value of type 'System.Collections.Generic.List`1[[AuthorInfo.API.Models.AuthorWithoutBooksDto, AuthorInfo.API, Version=1.0.0.0, Culture=neutral, PublicKeyToken=null]]'.
2021-02-08 23:45:10.6133|INFO|Microsoft.AspNetCore.Mvc.Internal.ControllerActionInvoker|Executed action AuthorInfo.API.Controllers.AuthorsController.GetAuthors (AuthorInfo.API) in 28.6784ms
2021-02-08 23:45:10.6334|INFO|Microsoft.AspNetCore.Hosting.Internal.WebHost|Request finished in 39.711ms 200 application/json; charset=utf-8
